<?xml version="1.0" encoding="UTF-8"?>
<!-- Generated by org.testng.reporters.JUnitXMLReporter -->
<testsuite ignored="0" hostname="DESKTOP-9HQL1HH" failures="1" tests="2" name="Test" time="46.553" errors="0" timestamp="2022-11-04T12:45:04 GMT-07:00">
  <testcase classname="MavenProjectPckg.Selenium_Maven_Project.LoginTestCase" name="verifyLogin" time="1.468">
    <failure type="java.lang.IllegalArgumentException" message="Input must be set">
      <![CDATA[java.lang.IllegalArgumentException: Input must be set
at org.openqa.selenium.internal.Require.nonNull(Require.java:59)
at org.openqa.selenium.support.ui.FluentWait.<init>(FluentWait.java:97)
at org.openqa.selenium.support.ui.WebDriverWait.<init>(WebDriverWait.java:77)
at org.openqa.selenium.support.ui.WebDriverWait.<init>(WebDriverWait.java:46)
at Resourses.CommonUtilities.handleExplicitWaitWebElement(CommonUtilities.java:45)
at MavenProjectPckg.Selenium_Maven_Project.LoginTestCase.verifyLogin(LoginTestCase.java:25)
at java.base/java.util.ArrayList.forEach(ArrayList.java:1511)
... Removed 27 stack frames]]>
    </failure>
  </testcase> <!-- verifyLogin -->
  <testcase classname="MavenProjectPckg.Selenium_Maven_Project.TryForFreeTestCase" name="verifyTryForFree" time="24.874"/>
</testsuite> <!-- Test -->
